# JRE version: OpenJDK Runtime Environment Temurin-17.0.14+7 (17.0.14+7) (build 17.0.14+7)
# Java VM: OpenJDK 64-Bit Server VM Temurin-17.0.14+7 (17.0.14+7, mixed mode, sharing, tiered, compressed oops, compressed class ptrs, g1 gc, windows-amd64)
GC Precious Log:
 CPUs: 4 total, 4 available
 Memory: 8088M
 Large Page Support: Disabled
 NUMA Support: Disabled
 Compressed Oops: Enabled (32-bit)
 Heap Region Size: 1M
 Heap Min Capacity: 8M
 Heap Initial Capacity: 128M
 Heap Max Capacity: 2024M
 Pre-touch: Disabled
 Parallel Workers: 4
 Concurrent Workers: 1
 Concurrent Refinement Workers: 4
 Periodic GC: Disabled
Heap:
 garbage-first heap   total 109568K, used 56666K [0x0000000081800000, 0x0000000100000000)
  region size 1024K, 7 young (7168K), 3 survivors (3072K)
 Metaspace       used 37914K, committed 38912K, reserved 1114112K
  class space    used 4303K, committed 4672K, reserved 1048576K
GC Heap History (20 events):
Event: 20.934 GC heap before
{Heap before GC invocations=7 (full 0):
 garbage-first heap   total 61440K, used 49130K [0x0000000081800000, 0x0000000100000000)
  region size 1024K, 36 young (36864K), 5 survivors (5120K)
 Metaspace       used 25697K, committed 25984K, reserved 1114112K
  class space    used 2971K, committed 3136K, reserved 1048576K
}
Event: 20.968 GC heap after
{Heap after GC invocations=8 (full 0):
 garbage-first heap   total 64512K, used 26837K [0x0000000081800000, 0x0000000100000000)
  region size 1024K, 5 young (5120K), 5 survivors (5120K)
 Metaspace       used 25697K, committed 25984K, reserved 1114112K
  class space    used 2971K, committed 3136K, reserved 1048576K
}
Event: 21.028 GC heap before
{Heap before GC invocations=8 (full 0):
 garbage-first heap   total 64512K, used 27861K [0x0000000081800000, 0x0000000100000000)
  region size 1024K, 6 young (6144K), 5 survivors (5120K)
 Metaspace       used 25750K, committed 26048K, reserved 1114112K
  class space    used 2978K, committed 3136K, reserved 1048576K
}
Event: 21.046 GC heap after
{Heap after GC invocations=9 (full 0):
 garbage-first heap   total 64512K, used 28021K [0x0000000081800000, 0x0000000100000000)
  region size 1024K, 1 young (1024K), 1 survivors (1024K)
 Metaspace       used 25750K, committed 26048K, reserved 1114112K
  class space    used 2978K, committed 3136K, reserved 1048576K
}
Event: 22.068 GC heap before
{Heap before GC invocations=9 (full 0):
 garbage-first heap   total 64512K, used 46453K [0x0000000081800000, 0x0000000100000000)
  region size 1024K, 19 young (19456K), 1 survivors (1024K)
 Metaspace       used 26870K, committed 27200K, reserved 1114112K
  class space    used 3077K, committed 3200K, reserved 1048576K
}
Event: 22.084 GC heap after
{Heap after GC invocations=10 (full 0):
 garbage-first heap   total 64512K, used 30720K [0x0000000081800000, 0x0000000100000000)
  region size 1024K, 3 young (3072K), 3 survivors (3072K)
 Metaspace       used 26870K, committed 27200K, reserved 1114112K
  class space    used 3077K, committed 3200K, reserved 1048576K
}
Event: 22.980 GC heap before
{Heap before GC invocations=11 (full 0):
 garbage-first heap   total 64512K, used 47104K [0x0000000081800000, 0x0000000100000000)
  region size 1024K, 20 young (20480K), 3 survivors (3072K)
 Metaspace       used 27889K, committed 28224K, reserved 1114112K
  class space    used 3199K, committed 3328K, reserved 1048576K
}
Event: 22.991 GC heap after
{Heap after GC invocations=12 (full 0):
 garbage-first heap   total 64512K, used 31190K [0x0000000081800000, 0x0000000100000000)
  region size 1024K, 1 young (1024K), 1 survivors (1024K)
 Metaspace       used 27889K, committed 28224K, reserved 1114112K
  class space    used 3199K, committed 3328K, reserved 1048576K
}
Event: 23.726 GC heap before
{Heap before GC invocations=12 (full 0):
 garbage-first heap   total 64512K, used 48598K [0x0000000081800000, 0x0000000100000000)
  region size 1024K, 19 young (19456K), 1 survivors (1024K)
 Metaspace       used 28581K, committed 28864K, reserved 1114112K
  class space    used 3263K, committed 3392K, reserved 1048576K
}
Event: 23.732 GC heap after
{Heap after GC invocations=13 (full 0):
 garbage-first heap   total 115712K, used 31518K [0x0000000081800000, 0x0000000100000000)
  region size 1024K, 1 young (1024K), 1 survivors (1024K)
 Metaspace       used 28581K, committed 28864K, reserved 1114112K
  class space    used 3263K, committed 3392K, reserved 1048576K
}
Event: 26.285 GC heap before
{Heap before GC invocations=14 (full 0):
 garbage-first heap   total 109568K, used 89886K [0x0000000081800000, 0x0000000100000000)
  region size 1024K, 55 young (56320K), 1 survivors (1024K)
 Metaspace       used 30383K, committed 30656K, reserved 1114112K
  class space    used 3463K, committed 3584K, reserved 1048576K
}
Event: 26.310 GC heap after
{Heap after GC invocations=15 (full 0):
 garbage-first heap   total 109568K, used 44436K [0x0000000081800000, 0x0000000100000000)
  region size 1024K, 7 young (7168K), 7 survivors (7168K)
 Metaspace       used 30383K, committed 30656K, reserved 1114112K
  class space    used 3463K, committed 3584K, reserved 1048576K
}
Event: 28.152 GC heap before
{Heap before GC invocations=15 (full 0):
 garbage-first heap   total 109568K, used 79252K [0x0000000081800000, 0x0000000100000000)
  region size 1024K, 42 young (43008K), 7 survivors (7168K)
 Metaspace       used 32151K, committed 32576K, reserved 1114112K
  class space    used 3680K, committed 3904K, reserved 1048576K
}
Event: 28.174 GC heap after
{Heap after GC invocations=16 (full 0):
 garbage-first heap   total 109568K, used 45579K [0x0000000081800000, 0x0000000100000000)
  region size 1024K, 2 young (2048K), 2 survivors (2048K)
 Metaspace       used 32151K, committed 32576K, reserved 1114112K
  class space    used 3680K, committed 3904K, reserved 1048576K
}
Event: 30.775 GC heap before
{Heap before GC invocations=16 (full 0):
 garbage-first heap   total 109568K, used 82443K [0x0000000081800000, 0x0000000100000000)
  region size 1024K, 38 young (38912K), 2 survivors (2048K)
 Metaspace       used 39581K, committed 39936K, reserved 1114112K
  class space    used 4558K, committed 4736K, reserved 1048576K
}
Event: 30.801 GC heap after
{Heap after GC invocations=17 (full 0):
 garbage-first heap   total 109568K, used 50021K [0x0000000081800000, 0x0000000100000000)
  region size 1024K, 5 young (5120K), 5 survivors (5120K)
 Metaspace       used 39581K, committed 39936K, reserved 1114112K
  class space    used 4558K, committed 4736K, reserved 1048576K
}
Event: 34.131 GC heap before
{Heap before GC invocations=17 (full 0):
 garbage-first heap   total 109568K, used 82789K [0x0000000081800000, 0x0000000100000000)
  region size 1024K, 38 young (38912K), 5 survivors (5120K)
 Metaspace       used 40245K, committed 40576K, reserved 1114112K
  class space    used 4593K, committed 4736K, reserved 1048576K
}
Event: 34.150 GC heap after
{Heap after GC invocations=18 (full 0):
 garbage-first heap   total 109568K, used 52139K [0x0000000081800000, 0x0000000100000000)
  region size 1024K, 2 young (2048K), 2 survivors (2048K)
 Metaspace       used 40245K, committed 40576K, reserved 1114112K
  class space    used 4593K, committed 4736K, reserved 1048576K
}
Event: 34.399 GC heap before
{Heap before GC invocations=18 (full 0):
 garbage-first heap   total 109568K, used 58283K [0x0000000081800000, 0x0000000100000000)
  region size 1024K, 9 young (9216K), 2 survivors (2048K)
 Metaspace       used 40713K, committed 41088K, reserved 1114112K
  class space    used 4642K, committed 4800K, reserved 1048576K
}
Event: 34.405 GC heap after
{Heap after GC invocations=19 (full 0):
 garbage-first heap   total 109568K, used 52570K [0x0000000081800000, 0x0000000100000000)
  region size 1024K, 3 young (3072K), 3 survivors (3072K)
 Metaspace       used 40713K, committed 41088K, reserved 1114112K
  class space    used 4642K, committed 4800K, reserved 1048576K
}

